<?xml version="1.0" encoding="UTF-8"?>
<!-- Generated by org.testng.reporters.JUnitReportReporter -->
<testsuite skipped="1" hostname="WPURR72165" name="TestSuite.DemoSiteTestCases" tests="2" failures="0" timestamp="10 Sep 2018 08:41:41 GMT" time="0.023" errors="0">
  <testcase name="alerts" time="0.023" classname="TestSuite.DemoSiteTestCases"/>
  <testcase name="registerDetails" time="0.000" classname="TestSuite.DemoSiteTestCases">
    <skipped/>
  </testcase> <!-- registerDetails -->
</testsuite> <!-- TestSuite.DemoSiteTestCases -->
